{"name": "Создание заказа неавторизованным пользователем", "status": "failed", "statusDetails": {"message": "AssertionError", "trace": "self = <tests.test_create_order.TestCreateOrder object at 0x102508b00>, create_user_and_delete_after_test = <endpoints.get_current_user_orders_endpoint.CurrentUserOrdersEndpoint object at 0x102264a40>\ncreate_burger = <endpoints.get_current_user_orders_endpoint.CurrentUserOrdersEndpoint object at 0x10250b380>\n\n    @allure.title('Создание заказа неавторизованным пользователем')\n    @allure.description(\"Тест падает, хотя должен проходить\")\n    def test_create_order_without_authorization(self, create_user_and_delete_after_test, create_burger):\n        user = create_user_and_delete_after_test\n    \n        burger = create_burger\n        burger.post_create_order(False, False)\n    \n>       burger.assert_status_code(COD.CREATE_ORDER_ERROR_WITHOUT_AUTHORIZATION_STATUS_CODE)\n\ntests/test_create_order.py:17: \n_ _ _ _ _ _ _ _ _ _ _ _ _ _ _ _ _ _ _ _ _ _ _ _ _ _ _ _ _ _ _ _ _ _ _ _ _ _ _ _ _ _ _ _ _ _ _ _ _ _ _ _ _ _ _ _ _ _ _ _ _ _ _ _ _ _ _ _ _ _ _ _ _ _ _ _ _ _ _ _ _ _ _ _ _ _ _ _ _ _ _ _ _ _ _ _ _ _ _ _ _ _ _ _ _ _ _ _ _ _ _ _ _ \n\nself = <endpoints.get_current_user_orders_endpoint.CurrentUserOrdersEndpoint object at 0x10250b380>, checked_status_code = 400\n\n    @allure.step('Проверка статус кода для ответов без тела')\n    def assert_status_code(self, checked_status_code):\n    \n>       assert self.response.status_code == checked_status_code\nE       AssertionError\n\nendpoints/base_endpoint.py:21: AssertionError"}, "description": "Тест падает, хотя должен проходить", "steps": [{"name": "Создание заказа", "status": "passed", "parameters": [{"name": "without_ingredients", "value": "False"}, {"name": "with_not_valid_hash", "value": "False"}], "start": 1730050571938, "stop": 1730050573824}, {"name": "Проверка статус кода для ответов без тела", "status": "failed", "statusDetails": {"message": "AssertionError\n", "trace": "  File \"/Users/dmitriydemidov/PycharmProjects/Diplom_2/.venv/lib/python3.12/site-packages/allure_commons/_allure.py\", line 192, in impl\n    return func(*a, **kw)\n           ^^^^^^^^^^^^^^\n  File \"/Users/dmitriydemidov/PycharmProjects/Diplom_2/endpoints/base_endpoint.py\", line 21, in assert_status_code\n    assert self.response.status_code == checked_status_code\n           ^^^^^^^^^^^^^^^^^^^^^^^^^^^^^^^^^^^^^^^^^^^^^^^^\n"}, "parameters": [{"name": "checked_status_code", "value": "400"}], "start": 1730050573824, "stop": 1730050573824}], "start": 1730050571938, "stop": 1730050573827, "uuid": "97617d8c-e1a4-4c1d-8403-304918d20ae9", "historyId": "a3b1637c6fd7b1b5912ec092838f7f42", "testCaseId": "a3b1637c6fd7b1b5912ec092838f7f42", "fullName": "tests.test_create_order.TestCreateOrder#test_create_order_without_authorization", "labels": [{"name": "feature", "value": "Проверки создания заказов"}, {"name": "parentSuite", "value": "tests"}, {"name": "suite", "value": "test_create_order"}, {"name": "subSuite", "value": "TestCreateOrder"}, {"name": "host", "value": "MacBook-Air-Dmitriy.local"}, {"name": "thread", "value": "27953-MainThread"}, {"name": "framework", "value": "pytest"}, {"name": "language", "value": "cpython3"}, {"name": "package", "value": "tests.test_create_order"}]}